[24-May-2022 09:43:42 UTC] PHP Notice:  Array to string conversion in /app/www/wp-content/themes/oceanwp-child-theme-master/header.php on line 66
[25-May-2022 00:48:19 UTC] PHP Notice:  Trying to access array offset on value of type null in /app/www/wp-content/plugins/docket-cache/includes/src/Plugin.php on line 163
[25-May-2022 00:48:19 UTC] PHP Warning:  include(/app/www/wp-content/plugins/docket-cache/includes/vendor/composer/../../../includes/src/Crawler.php): failed to open stream: No such file or directory in phar:///usr/local/bin/wp/vendor/composer/ClassLoader.php on line 478
[25-May-2022 00:48:19 UTC] PHP Warning:  include(): Failed opening '/app/www/wp-content/plugins/docket-cache/includes/vendor/composer/../../../includes/src/Crawler.php' for inclusion (include_path='.:/usr/share/php') in phar:///usr/local/bin/wp/vendor/composer/ClassLoader.php on line 478
[25-May-2022 00:48:19 UTC] PHP Fatal error:  Uncaught Error: Class 'Nawawi\DocketCache\Crawler' not found in /app/www/wp-content/plugins/docket-cache/includes/src/CronAgent.php:139
Stack trace:
#0 /app/www/wp-content/plugins/docket-cache/includes/src/CronAgent.php(52): Nawawi\DocketCache\CronAgent->send_action()
#1 /app/www/wp-includes/class-wp-hook.php(307): Nawawi\DocketCache\CronAgent->Nawawi\DocketCache\{closure}()
#2 /app/www/wp-includes/plugin.php(189): WP_Hook->apply_filters()
#3 /app/www/wp-content/plugins/docket-cache/includes/src/Plugin.php(1693): apply_filters()
#4 /app/www/wp-includes/class-wp-hook.php(307): Nawawi\DocketCache\Plugin->Nawawi\DocketCache\{closure}()
#5 /app/www/wp-includes/class-wp-hook.php(331): WP_Hook->apply_filters()
#6 /app/www/wp-includes/plugin.php(474): WP_Hook->do_action()
#7 /app/www/wp-includes/load.php(1100): do_action()
#8 [internal function]: shutdown_action_hook()
#9 {main}
  thrown in /app/www/wp-content/plugins/docket-cache/includes/src/CronAgent.php on line 139
[30-May-2022 00:22:46 UTC] PHP Warning:  mysqli_real_connect(): (HY000/2002): Connection refused in /app/www/wp-includes/wp-db.php on line 1753
[30-May-2022 00:22:48 UTC] PHP Warning:  mysqli_real_connect(): (HY000/2002): Connection refused in /app/www/wp-includes/wp-db.php on line 1753
[30-May-2022 10:02:52 UTC] PHP Notice:  Array to string conversion in /app/www/wp-content/themes/oceanwp-child-theme-master/header.php on line 66
[30-May-2022 16:52:11 UTC] PHP Notice:  session_start(): A session had already been started - ignoring in /mu-plugin/manager-plugin/loginSSO.php on line 97
[30-May-2022 16:52:12 UTC] PHP Notice:  Array to string conversion in /app/www/wp-content/themes/oceanwp-child-theme-master/header.php on line 66
[30-May-2022 16:53:10 UTC] PHP Fatal error:  Cannot redeclare contact_btn() (previously declared in /app/www/wp-content/themes/oceanwp-child-theme-master/functions.php:35) in /app/www/wp-content/themes/oceanwp-child-theme-master/header.php on line 97
[31-May-2022 06:06:20 UTC] PHP Notice:  session_start(): A session had already been started - ignoring in /mu-plugin/manager-plugin/loginSSO.php on line 97
[31-May-2022 06:06:20 UTC] PHP Fatal error:  Cannot redeclare contact_btn() (previously declared in /app/www/wp-content/themes/oceanwp-child-theme-master/functions.php:35) in /app/www/wp-content/themes/oceanwp-child-theme-master/header.php on line 97
[31-May-2022 06:08:24 UTC] PHP Notice:  Array to string conversion in /app/www/wp-content/themes/oceanwp-child-theme-master/header.php on line 66
[31-May-2022 06:20:48 UTC] PHP Notice:  Array to string conversion in /app/www/wp-content/themes/oceanwp-child-theme-master/header.php on line 66
[31-May-2022 06:21:02 UTC] PHP Fatal error:  Cannot redeclare contact_btn() (previously declared in /app/www/wp-content/themes/oceanwp-child-theme-master/functions.php:35) in /app/www/wp-content/themes/oceanwp-child-theme-master/header.php on line 97
[02-Jun-2022 07:43:08 UTC] PHP Fatal error:  Cannot redeclare contact_btn() (previously declared in /app/www/wp-content/themes/oceanwp-child-theme-master/functions.php:35) in /app/www/wp-content/themes/oceanwp-child-theme-master/header.php on line 97
[14-Jun-2022 13:02:33 UTC] PHP Fatal error:  Cannot redeclare contact_btn() (previously declared in /app/www/wp-content/themes/oceanwp-child-theme-master/functions.php:35) in /app/www/wp-content/themes/oceanwp-child-theme-master/header.php on line 97
[28-Jun-2022 10:21:38 UTC] PHP Fatal error:  Cannot redeclare contact_btn() (previously declared in /app/www/wp-content/themes/oceanwp-child-theme-master/functions.php:35) in /app/www/wp-content/themes/oceanwp-child-theme-master/header.php on line 97
[06-Jul-2022 08:43:12 UTC] PHP Fatal error:  Cannot redeclare contact_btn() (previously declared in /app/www/wp-content/themes/oceanwp-child-theme-master/functions.php:35) in /app/www/wp-content/themes/oceanwp-child-theme-master/header.php on line 97
[08-Jul-2022 12:17:16 UTC] PHP Fatal error:  Cannot redeclare contact_btn() (previously declared in /app/www/wp-content/themes/oceanwp-child-theme-master/functions.php:35) in /app/www/wp-content/themes/oceanwp-child-theme-master/header.php on line 97
[11-Jul-2022 07:58:09 UTC] PHP Fatal error:  Cannot redeclare contact_btn() (previously declared in /app/www/wp-content/themes/oceanwp-child-theme-master/functions.php:35) in /app/www/wp-content/themes/oceanwp-child-theme-master/header.php on line 97
[19-Jul-2022 10:08:06 UTC] PHP Fatal error:  Cannot redeclare contact_btn() (previously declared in /app/www/wp-content/themes/oceanwp-child-theme-master/functions.php:35) in /app/www/wp-content/themes/oceanwp-child-theme-master/header.php on line 97
[21-Jul-2022 10:29:54 UTC] PHP Fatal error:  Cannot redeclare contact_btn() (previously declared in /app/www/wp-content/themes/oceanwp-child-theme-master/functions.php:35) in /app/www/wp-content/themes/oceanwp-child-theme-master/header.php on line 97
[25-Jul-2022 07:50:46 UTC] PHP Notice:  session_start(): A session had already been started - ignoring in /mu-plugin/manager-plugin/loginSSO.php on line 98
[25-Jul-2022 07:50:47 UTC] PHP Fatal error:  Cannot redeclare contact_btn() (previously declared in /app/www/wp-content/themes/oceanwp-child-theme-master/functions.php:35) in /app/www/wp-content/themes/oceanwp-child-theme-master/header.php on line 97
[26-Jul-2022 12:38:06 UTC] PHP Fatal error:  Cannot redeclare contact_btn() (previously declared in /app/www/wp-content/themes/oceanwp-child-theme-master/functions.php:35) in /app/www/wp-content/themes/oceanwp-child-theme-master/header.php on line 97
[27-Jul-2022 13:13:00 UTC] PHP Fatal error:  Cannot redeclare contact_btn() (previously declared in /app/www/wp-content/themes/oceanwp-child-theme-master/functions.php:35) in /app/www/wp-content/themes/oceanwp-child-theme-master/header.php on line 97
[28-Jul-2022 16:23:15 UTC] PHP Fatal error:  Cannot redeclare contact_btn() (previously declared in /app/www/wp-content/themes/oceanwp-child-theme-master/functions.php:35) in /app/www/wp-content/themes/oceanwp-child-theme-master/header.php on line 97
[01-Sep-2022 07:34:20 UTC] PHP Fatal error:  Cannot redeclare contact_btn() (previously declared in /app/www/wp-content/themes/oceanwp-child-theme-master/functions.php:35) in /app/www/wp-content/themes/oceanwp-child-theme-master/header.php on line 97
[09-Sep-2022 13:22:24 UTC] PHP Fatal error:  Cannot redeclare contact_btn() (previously declared in /app/www/wp-content/themes/oceanwp-child-theme-master/functions.php:35) in /app/www/wp-content/themes/oceanwp-child-theme-master/header.php on line 97
[13-Sep-2022 11:59:00 UTC] PHP Fatal error:  Cannot redeclare contact_btn() (previously declared in /app/www/wp-content/themes/oceanwp-child-theme-master/functions.php:35) in /app/www/wp-content/themes/oceanwp-child-theme-master/header.php on line 97
[09-Oct-2022 10:34:27 UTC] PHP Warning:  mysqli_real_connect(): Error while reading greeting packet. PID=945 in /app/www/wp-includes/wp-db.php on line 1753
[09-Oct-2022 10:34:27 UTC] PHP Warning:  mysqli_real_connect(): (HY000/2006): MySQL server has gone away in /app/www/wp-includes/wp-db.php on line 1753
[09-Oct-2022 10:34:28 UTC] PHP Warning:  mysqli_real_connect(): Error while reading greeting packet. PID=953 in /app/www/wp-includes/wp-db.php on line 1753
[09-Oct-2022 10:34:28 UTC] PHP Warning:  mysqli_real_connect(): (HY000/2006): MySQL server has gone away in /app/www/wp-includes/wp-db.php on line 1753
[20-Oct-2022 13:58:17 UTC] PHP Warning:  mysqli_real_connect(): Error while reading greeting packet. PID=1285 in /app/www/wp-includes/wp-db.php on line 1753
[20-Oct-2022 13:58:17 UTC] PHP Warning:  mysqli_real_connect(): (HY000/2006): MySQL server has gone away in /app/www/wp-includes/wp-db.php on line 1753
[20-Oct-2022 13:58:18 UTC] PHP Warning:  mysqli_real_connect(): Error while reading greeting packet. PID=1293 in /app/www/wp-includes/wp-db.php on line 1753
[20-Oct-2022 13:58:18 UTC] PHP Warning:  mysqli_real_connect(): (HY000/2006): MySQL server has gone away in /app/www/wp-includes/wp-db.php on line 1753
[07-Nov-2022 05:21:17 UTC] PHP Warning:  mysqli_real_connect(): Error while reading greeting packet. PID=23767 in /app/www/wp-includes/wp-db.php on line 1753
[07-Nov-2022 05:21:17 UTC] PHP Warning:  mysqli_real_connect(): (HY000/2006): MySQL server has gone away in /app/www/wp-includes/wp-db.php on line 1753
[07-Nov-2022 05:21:18 UTC] PHP Warning:  mysqli_real_connect(): Error while reading greeting packet. PID=23775 in /app/www/wp-includes/wp-db.php on line 1753
[07-Nov-2022 05:21:18 UTC] PHP Warning:  mysqli_real_connect(): (HY000/2006): MySQL server has gone away in /app/www/wp-includes/wp-db.php on line 1753
[07-Nov-2022 05:47:49 UTC] PHP Warning:  mysqli_real_connect(): Error while reading greeting packet. PID=23822 in /app/www/wp-includes/wp-db.php on line 1753
[07-Nov-2022 05:47:49 UTC] PHP Warning:  mysqli_real_connect(): (HY000/2006): MySQL server has gone away in /app/www/wp-includes/wp-db.php on line 1753
[07-Nov-2022 05:47:50 UTC] PHP Warning:  mysqli_real_connect(): Error while reading greeting packet. PID=23830 in /app/www/wp-includes/wp-db.php on line 1753
[07-Nov-2022 05:47:50 UTC] PHP Warning:  mysqli_real_connect(): (HY000/2006): MySQL server has gone away in /app/www/wp-includes/wp-db.php on line 1753
[14-Nov-2022 16:39:53 UTC] PHP Fatal error:  Cannot redeclare contact_btn() (previously declared in /app/www/wp-content/themes/oceanwp-child-theme-master/functions.php:35) in /app/www/wp-content/themes/oceanwp-child-theme-master/header.php on line 97
[27-Nov-2022 15:04:19 UTC] PHP Warning:  mysqli_real_connect(): Error while reading greeting packet. PID=50690 in /app/www/wp-includes/class-wpdb.php on line 1775
[27-Nov-2022 15:04:19 UTC] PHP Warning:  mysqli_real_connect(): (HY000/2006): MySQL server has gone away in /app/www/wp-includes/class-wpdb.php on line 1775
[27-Nov-2022 15:04:20 UTC] PHP Warning:  mysqli_real_connect(): Error while reading greeting packet. PID=50698 in /app/www/wp-includes/class-wpdb.php on line 1775
[27-Nov-2022 15:04:20 UTC] PHP Warning:  mysqli_real_connect(): (HY000/2006): MySQL server has gone away in /app/www/wp-includes/class-wpdb.php on line 1775
[01-Dec-2022 01:04:44 UTC] PHP Notice:  Array to string conversion in /home/diay0794/localhost:8081/wp-content/themes/oceanwp-child-theme-master/header.php on line 66
[01-Dec-2022 01:04:47 UTC] PHP Notice:  Array to string conversion in /home/diay0794/localhost:8081/wp-content/themes/oceanwp-child-theme-master/header.php on line 66
[01-Dec-2022 01:04:55 UTC] PHP Fatal error:  Cannot redeclare contact_btn() (previously declared in /home/diay0794/localhost:8081/wp-content/themes/oceanwp-child-theme-master/functions.php:35) in /home/diay0794/localhost:8081/wp-content/themes/oceanwp-child-theme-master/header.php on line 97
[01-Dec-2022 01:04:55 UTC] PHP Fatal error:  Cannot redeclare contact_btn() (previously declared in /home/diay0794/localhost:8081/wp-content/themes/oceanwp-child-theme-master/functions.php:35) in /home/diay0794/localhost:8081/wp-content/themes/oceanwp-child-theme-master/header.php on line 97
[01-Dec-2022 01:04:56 UTC] Cron reschedule event error for hook: action_scheduler_run_queue, Error code: invalid_schedule, Error message: Event schedule does not exist., Data: {"schedule":"every_minute","args":["WP Cron"],"interval":60}
[01-Dec-2022 01:04:56 UTC] Cron reschedule event error for hook: wpforms_email_summaries_cron, Error code: invalid_schedule, Error message: Event schedule does not exist., Data: {"schedule":"wpforms_email_summaries_weekly","args":[],"interval":604800}
[01-Dec-2022 01:06:41 UTC] PHP Fatal error:  Cannot redeclare contact_btn() (previously declared in /home/diay0794/localhost:8081/wp-content/themes/oceanwp-child-theme-master/functions.php:35) in /home/diay0794/localhost:8081/wp-content/themes/oceanwp-child-theme-master/header.php on line 97
[01-Dec-2022 01:06:42 UTC] Cron reschedule event error for hook: elementor_1_elementor_updater_cron, Error code: invalid_schedule, Error message: Event schedule does not exist., Data: {"schedule":"elementor_1_elementor_updater_cron_interval","args":[],"interval":300}
[01-Dec-2022 01:08:07 UTC] PHP Fatal error:  Uncaught Error: Class 'Elementor\Core\Schemes\Color' not found in /home/diay0794/localhost:8081/wp-content/plugins/elementor/core/schemes/manager.php:76
Stack trace:
#0 /home/diay0794/localhost:8081/wp-content/plugins/elementor/core/schemes/manager.php(354): Elementor\Core\Schemes\Manager->register_scheme('Elementor\\Core\\...')
#1 /home/diay0794/localhost:8081/wp-content/plugins/elementor/core/schemes/manager.php(367): Elementor\Core\Schemes\Manager->register_default_schemes()
#2 /home/diay0794/localhost:8081/wp-content/plugins/elementor/includes/plugin.php(710): Elementor\Core\Schemes\Manager->__construct()
#3 /home/diay0794/localhost:8081/wp-content/plugins/elementor/includes/plugin.php(641): Elementor\Plugin->init_components()
#4 /home/diay0794/localhost:8081/wp-includes/class-wp-hook.php(308): Elementor\Plugin->init('')
#5 /home/diay0794/localhost:8081/wp-includes/class-wp-hook.php(332): in /home/diay0794/localhost:8081/wp-content/plugins/elementor/core/schemes/manager.php on line 76
[01-Dec-2022 01:08:13 UTC] PHP Notice:  Array to string conversion in /home/diay0794/localhost:8081/wp-content/themes/oceanwp-child-theme-master/header.php on line 66
[01-Dec-2022 01:10:25 UTC] PHP Notice:  Array to string conversion in /home/diay0794/localhost:8081/wp-content/themes/oceanwp-child-theme-master/header.php on line 66
[01-Dec-2022 01:13:03 UTC] PHP Notice:  Array to string conversion in /home/diay0794/localhost:8081/wp-content/themes/oceanwp-child-theme-master/header.php on line 66
[01-Dec-2022 01:13:36 UTC] PHP Notice:  Array to string conversion in /home/diay0794/localhost:8081/wp-content/themes/oceanwp-child-theme-master/header.php on line 66
[01-Dec-2022 01:13:41 UTC] PHP Notice:  Array to string conversion in /home/diay0794/localhost:8081/wp-content/themes/oceanwp-child-theme-master/header.php on line 66
[01-Dec-2022 01:13:50 UTC] PHP Notice:  Array to string conversion in /home/diay0794/localhost:8081/wp-content/themes/oceanwp-child-theme-master/header.php on line 66
[01-Dec-2022 01:14:53 UTC] PHP Notice:  Array to string conversion in /home/diay0794/localhost:8081/wp-content/themes/oceanwp-child-theme-master/header.php on line 66
[01-Dec-2022 07:39:18 UTC] PHP Notice:  Array to string conversion in /home/diay0794/localhost:8081/wp-content/themes/oceanwp-child-theme-master/header.php on line 66
[01-Dec-2022 07:40:14 UTC] PHP Notice:  Array to string conversion in /home/diay0794/localhost:8081/wp-content/themes/oceanwp-child-theme-master/header.php on line 66
[01-Dec-2022 07:40:28 UTC] PHP Notice:  Array to string conversion in /home/diay0794/localhost:8081/wp-content/themes/oceanwp-child-theme-master/header.php on line 66
[01-Dec-2022 07:50:35 UTC] PHP Notice:  Array to string conversion in /home/diay0794/localhost:8081/wp-content/themes/oceanwp-child-theme-master/header.php on line 66
[01-Dec-2022 07:51:43 UTC] PHP Notice:  Array to string conversion in /home/diay0794/localhost:8081/wp-content/themes/oceanwp-child-theme-master/header.php on line 66
[01-Dec-2022 07:55:41 UTC] PHP Notice:  Array to string conversion in /home/diay0794/localhost:8081/wp-content/themes/oceanwp-child-theme-master/header.php on line 66
[01-Dec-2022 08:00:05 UTC] PHP Notice:  Array to string conversion in /home/diay0794/localhost:8081/wp-content/themes/oceanwp-child-theme-master/header.php on line 66
[01-Dec-2022 08:29:33 UTC] PHP Notice:  Array to string conversion in /home/diay0794/localhost:8081/wp-content/themes/oceanwp-child-theme-master/header.php on line 66
[01-Dec-2022 08:32:09 UTC] PHP Notice:  Array to string conversion in /home/diay0794/localhost:8081/wp-content/themes/oceanwp-child-theme-master/header.php on line 66
[01-Dec-2022 08:32:11 UTC] PHP Notice:  Array to string conversion in /home/diay0794/localhost:8081/wp-content/themes/oceanwp-child-theme-master/header.php on line 66
[01-Dec-2022 08:32:13 UTC] PHP Notice:  Array to string conversion in /home/diay0794/localhost:8081/wp-content/themes/oceanwp-child-theme-master/header.php on line 66
[01-Dec-2022 08:32:16 UTC] PHP Notice:  Array to string conversion in /home/diay0794/localhost:8081/wp-content/themes/oceanwp-child-theme-master/header.php on line 66
[01-Dec-2022 08:32:18 UTC] PHP Notice:  Array to string conversion in /home/diay0794/localhost:8081/wp-content/themes/oceanwp-child-theme-master/header.php on line 66
[01-Dec-2022 08:35:07 UTC] PHP Notice:  Array to string conversion in /home/diay0794/localhost:8081/wp-content/themes/oceanwp-child-theme-master/header.php on line 66
[01-Dec-2022 08:35:18 UTC] PHP Notice:  Array to string conversion in /home/diay0794/localhost:8081/wp-content/themes/oceanwp-child-theme-master/header.php on line 66
[01-Dec-2022 08:35:32 UTC] PHP Notice:  Array to string conversion in /home/diay0794/localhost:8081/wp-content/themes/oceanwp-child-theme-master/header.php on line 66
[01-Dec-2022 08:35:44 UTC] PHP Notice:  Array to string conversion in /home/diay0794/localhost:8081/wp-content/themes/oceanwp-child-theme-master/header.php on line 66
[01-Dec-2022 08:35:57 UTC] PHP Notice:  Array to string conversion in /home/diay0794/localhost:8081/wp-content/themes/oceanwp-child-theme-master/header.php on line 66
[01-Dec-2022 11:48:58 UTC] PHP Notice:  Array to string conversion in /home/diay0794/localhost:8081/wp-content/themes/oceanwp-child-theme-master/header.php on line 66
[01-Dec-2022 14:21:38 UTC] PHP Notice:  Array to string conversion in /home/diay0794/localhost:8081/wp-content/themes/oceanwp-child-theme-master/header.php on line 66
[01-Dec-2022 14:21:39 UTC] PHP Notice:  Array to string conversion in /home/diay0794/localhost:8081/wp-content/themes/oceanwp-child-theme-master/header.php on line 66
[01-Dec-2022 14:23:41 UTC] PHP Notice:  Array to string conversion in /home/diay0794/localhost:8081/wp-content/themes/oceanwp-child-theme-master/header.php on line 66
[01-Dec-2022 14:24:00 UTC] PHP Notice:  Array to string conversion in /home/diay0794/localhost:8081/wp-content/themes/oceanwp-child-theme-master/header.php on line 66
[01-Dec-2022 14:24:04 UTC] PHP Notice:  Array to string conversion in /home/diay0794/localhost:8081/wp-content/themes/oceanwp-child-theme-master/header.php on line 66
[01-Dec-2022 14:24:07 UTC] PHP Notice:  Array to string conversion in /home/diay0794/localhost:8081/wp-content/themes/oceanwp-child-theme-master/header.php on line 66
[01-Dec-2022 14:24:18 UTC] PHP Notice:  Array to string conversion in /home/diay0794/localhost:8081/wp-content/themes/oceanwp-child-theme-master/header.php on line 66
[01-Dec-2022 14:24:26 UTC] PHP Notice:  Array to string conversion in /home/diay0794/localhost:8081/wp-content/themes/oceanwp-child-theme-master/header.php on line 66
[01-Dec-2022 14:24:27 UTC] PHP Notice:  Array to string conversion in /home/diay0794/localhost:8081/wp-content/themes/oceanwp-child-theme-master/header.php on line 66
[20-Dec-2022 20:33:17 UTC] [Loco.warning] "Retourner à l’extraction de la source parce que contact-form-7.pot manque" in src/ajax/SyncController.php:55
[20-Dec-2022 20:33:43 UTC] [Loco.debug] "Wrote backup: contact-form-7-fr_FR.po -> contact-form-7-fr_FR-backup-202212202033430.po~" in src/gettext/Compiler.php:81
[03-Jan-2023 21:37:39 UTC] PHP Notice:  Undefined index: google-plus in /home/diay0794/localhost:8081/wp-content/plugins/ocean-extra/includes/widgets/social.php on line 543
[03-Jan-2023 21:37:39 UTC] PHP Notice:  Trying to access array offset on value of type null in /home/diay0794/localhost:8081/wp-content/plugins/ocean-extra/includes/widgets/social.php on line 543
[03-Jan-2023 21:37:39 UTC] PHP Notice:  Undefined index: vimeo-square in /home/diay0794/localhost:8081/wp-content/plugins/ocean-extra/includes/widgets/social.php on line 543
[03-Jan-2023 21:37:39 UTC] PHP Notice:  Trying to access array offset on value of type null in /home/diay0794/localhost:8081/wp-content/plugins/ocean-extra/includes/widgets/social.php on line 543
[03-Jan-2023 21:37:39 UTC] PHP Notice:  Undefined index: google-plus in /home/diay0794/localhost:8081/wp-content/plugins/ocean-extra/includes/widgets/social.php on line 543
[03-Jan-2023 21:37:39 UTC] PHP Notice:  Trying to access array offset on value of type null in /home/diay0794/localhost:8081/wp-content/plugins/ocean-extra/includes/widgets/social.php on line 543
[03-Jan-2023 21:37:39 UTC] PHP Notice:  Undefined index: vimeo-square in /home/diay0794/localhost:8081/wp-content/plugins/ocean-extra/includes/widgets/social.php on line 543
[03-Jan-2023 21:37:39 UTC] PHP Notice:  Trying to access array offset on value of type null in /home/diay0794/localhost:8081/wp-content/plugins/ocean-extra/includes/widgets/social.php on line 543
[03-Jan-2023 21:37:43 UTC] PHP Notice:  Undefined index: google-plus in /home/diay0794/localhost:8081/wp-content/plugins/ocean-extra/includes/widgets/social.php on line 543
[03-Jan-2023 21:37:43 UTC] PHP Notice:  Trying to access array offset on value of type null in /home/diay0794/localhost:8081/wp-content/plugins/ocean-extra/includes/widgets/social.php on line 543
[03-Jan-2023 21:37:43 UTC] PHP Notice:  Undefined index: vimeo-square in /home/diay0794/localhost:8081/wp-content/plugins/ocean-extra/includes/widgets/social.php on line 543
[03-Jan-2023 21:37:43 UTC] PHP Notice:  Trying to access array offset on value of type null in /home/diay0794/localhost:8081/wp-content/plugins/ocean-extra/includes/widgets/social.php on line 543
[03-Jan-2023 21:37:43 UTC] PHP Notice:  Undefined index: google-plus in /home/diay0794/localhost:8081/wp-content/plugins/ocean-extra/includes/widgets/social.php on line 543
[03-Jan-2023 21:37:43 UTC] PHP Notice:  Trying to access array offset on value of type null in /home/diay0794/localhost:8081/wp-content/plugins/ocean-extra/includes/widgets/social.php on line 543
[03-Jan-2023 21:37:43 UTC] PHP Notice:  Undefined index: vimeo-square in /home/diay0794/localhost:8081/wp-content/plugins/ocean-extra/includes/widgets/social.php on line 543
[03-Jan-2023 21:37:43 UTC] PHP Notice:  Trying to access array offset on value of type null in /home/diay0794/localhost:8081/wp-content/plugins/ocean-extra/includes/widgets/social.php on line 543
[03-Jan-2023 21:43:50 UTC] PHP Notice:  Undefined index: google-plus in /home/diay0794/localhost:8081/wp-content/plugins/ocean-extra/includes/widgets/social.php on line 543
[03-Jan-2023 21:43:50 UTC] PHP Notice:  Trying to access array offset on value of type null in /home/diay0794/localhost:8081/wp-content/plugins/ocean-extra/includes/widgets/social.php on line 543
[03-Jan-2023 21:43:50 UTC] PHP Notice:  Undefined index: vimeo-square in /home/diay0794/localhost:8081/wp-content/plugins/ocean-extra/includes/widgets/social.php on line 543
[03-Jan-2023 21:43:50 UTC] PHP Notice:  Trying to access array offset on value of type null in /home/diay0794/localhost:8081/wp-content/plugins/ocean-extra/includes/widgets/social.php on line 543
[03-Jan-2023 21:43:50 UTC] PHP Notice:  Undefined index: google-plus in /home/diay0794/localhost:8081/wp-content/plugins/ocean-extra/includes/widgets/social.php on line 543
[03-Jan-2023 21:43:50 UTC] PHP Notice:  Trying to access array offset on value of type null in /home/diay0794/localhost:8081/wp-content/plugins/ocean-extra/includes/widgets/social.php on line 543
[03-Jan-2023 21:43:50 UTC] PHP Notice:  Undefined index: vimeo-square in /home/diay0794/localhost:8081/wp-content/plugins/ocean-extra/includes/widgets/social.php on line 543
[03-Jan-2023 21:43:50 UTC] PHP Notice:  Trying to access array offset on value of type null in /home/diay0794/localhost:8081/wp-content/plugins/ocean-extra/includes/widgets/social.php on line 543
[03-Jan-2023 21:43:51 UTC] PHP Notice:  Undefined index: google-plus in /home/diay0794/localhost:8081/wp-content/plugins/ocean-extra/includes/widgets/social.php on line 543
[03-Jan-2023 21:43:51 UTC] PHP Notice:  Trying to access array offset on value of type null in /home/diay0794/localhost:8081/wp-content/plugins/ocean-extra/includes/widgets/social.php on line 543
[03-Jan-2023 21:43:51 UTC] PHP Notice:  Undefined index: vimeo-square in /home/diay0794/localhost:8081/wp-content/plugins/ocean-extra/includes/widgets/social.php on line 543
[03-Jan-2023 21:43:51 UTC] PHP Notice:  Trying to access array offset on value of type null in /home/diay0794/localhost:8081/wp-content/plugins/ocean-extra/includes/widgets/social.php on line 543
[03-Jan-2023 21:43:51 UTC] PHP Notice:  Undefined index: google-plus in /home/diay0794/localhost:8081/wp-content/plugins/ocean-extra/includes/widgets/social.php on line 543
[03-Jan-2023 21:43:51 UTC] PHP Notice:  Trying to access array offset on value of type null in /home/diay0794/localhost:8081/wp-content/plugins/ocean-extra/includes/widgets/social.php on line 543
[03-Jan-2023 21:43:51 UTC] PHP Notice:  Undefined index: vimeo-square in /home/diay0794/localhost:8081/wp-content/plugins/ocean-extra/includes/widgets/social.php on line 543
[03-Jan-2023 21:43:51 UTC] PHP Notice:  Trying to access array offset on value of type null in /home/diay0794/localhost:8081/wp-content/plugins/ocean-extra/includes/widgets/social.php on line 543
[03-Jan-2023 21:48:05 UTC] PHP Notice:  Undefined index: google-plus in /home/diay0794/localhost:8081/wp-content/plugins/ocean-extra/includes/widgets/social.php on line 543
[03-Jan-2023 21:48:05 UTC] PHP Notice:  Trying to access array offset on value of type null in /home/diay0794/localhost:8081/wp-content/plugins/ocean-extra/includes/widgets/social.php on line 543
[03-Jan-2023 21:48:05 UTC] PHP Notice:  Undefined index: vimeo-square in /home/diay0794/localhost:8081/wp-content/plugins/ocean-extra/includes/widgets/social.php on line 543
[03-Jan-2023 21:48:05 UTC] PHP Notice:  Trying to access array offset on value of type null in /home/diay0794/localhost:8081/wp-content/plugins/ocean-extra/includes/widgets/social.php on line 543
[03-Jan-2023 21:48:06 UTC] PHP Notice:  Undefined index: google-plus in /home/diay0794/localhost:8081/wp-content/plugins/ocean-extra/includes/widgets/social.php on line 543
[03-Jan-2023 21:48:06 UTC] PHP Notice:  Trying to access array offset on value of type null in /home/diay0794/localhost:8081/wp-content/plugins/ocean-extra/includes/widgets/social.php on line 543
[03-Jan-2023 21:48:06 UTC] PHP Notice:  Undefined index: vimeo-square in /home/diay0794/localhost:8081/wp-content/plugins/ocean-extra/includes/widgets/social.php on line 543
[03-Jan-2023 21:48:06 UTC] PHP Notice:  Trying to access array offset on value of type null in /home/diay0794/localhost:8081/wp-content/plugins/ocean-extra/includes/widgets/social.php on line 543
[03-Jan-2023 21:48:06 UTC] PHP Notice:  Undefined index: google-plus in /home/diay0794/localhost:8081/wp-content/plugins/ocean-extra/includes/widgets/social.php on line 543
[03-Jan-2023 21:48:06 UTC] PHP Notice:  Trying to access array offset on value of type null in /home/diay0794/localhost:8081/wp-content/plugins/ocean-extra/includes/widgets/social.php on line 543
[03-Jan-2023 21:48:06 UTC] PHP Notice:  Undefined index: vimeo-square in /home/diay0794/localhost:8081/wp-content/plugins/ocean-extra/includes/widgets/social.php on line 543
[03-Jan-2023 21:48:06 UTC] PHP Notice:  Trying to access array offset on value of type null in /home/diay0794/localhost:8081/wp-content/plugins/ocean-extra/includes/widgets/social.php on line 543
[03-Jan-2023 21:48:06 UTC] PHP Notice:  Undefined index: google-plus in /home/diay0794/localhost:8081/wp-content/plugins/ocean-extra/includes/widgets/social.php on line 543
[03-Jan-2023 21:48:06 UTC] PHP Notice:  Trying to access array offset on value of type null in /home/diay0794/localhost:8081/wp-content/plugins/ocean-extra/includes/widgets/social.php on line 543
[03-Jan-2023 21:48:06 UTC] PHP Notice:  Undefined index: vimeo-square in /home/diay0794/localhost:8081/wp-content/plugins/ocean-extra/includes/widgets/social.php on line 543
[03-Jan-2023 21:48:06 UTC] PHP Notice:  Trying to access array offset on value of type null in /home/diay0794/localhost:8081/wp-content/plugins/ocean-extra/includes/widgets/social.php on line 543
[03-Jan-2023 21:48:07 UTC] PHP Notice:  Undefined index: google-plus in /home/diay0794/localhost:8081/wp-content/plugins/ocean-extra/includes/widgets/social.php on line 543
[03-Jan-2023 21:48:07 UTC] PHP Notice:  Trying to access array offset on value of type null in /home/diay0794/localhost:8081/wp-content/plugins/ocean-extra/includes/widgets/social.php on line 543
[03-Jan-2023 21:48:07 UTC] PHP Notice:  Undefined index: vimeo-square in /home/diay0794/localhost:8081/wp-content/plugins/ocean-extra/includes/widgets/social.php on line 543
[03-Jan-2023 21:48:07 UTC] PHP Notice:  Trying to access array offset on value of type null in /home/diay0794/localhost:8081/wp-content/plugins/ocean-extra/includes/widgets/social.php on line 543
[03-Jan-2023 21:48:08 UTC] PHP Notice:  Undefined index: google-plus in /home/diay0794/localhost:8081/wp-content/plugins/ocean-extra/includes/widgets/social.php on line 543
[03-Jan-2023 21:48:08 UTC] PHP Notice:  Trying to access array offset on value of type null in /home/diay0794/localhost:8081/wp-content/plugins/ocean-extra/includes/widgets/social.php on line 543
[03-Jan-2023 21:48:08 UTC] PHP Notice:  Undefined index: vimeo-square in /home/diay0794/localhost:8081/wp-content/plugins/ocean-extra/includes/widgets/social.php on line 543
[03-Jan-2023 21:48:08 UTC] PHP Notice:  Trying to access array offset on value of type null in /home/diay0794/localhost:8081/wp-content/plugins/ocean-extra/includes/widgets/social.php on line 543
[03-Jan-2023 21:48:09 UTC] PHP Notice:  Undefined index: google-plus in /home/diay0794/localhost:8081/wp-content/plugins/ocean-extra/includes/widgets/social.php on line 543
[03-Jan-2023 21:48:09 UTC] PHP Notice:  Trying to access array offset on value of type null in /home/diay0794/localhost:8081/wp-content/plugins/ocean-extra/includes/widgets/social.php on line 543
[03-Jan-2023 21:48:09 UTC] PHP Notice:  Undefined index: vimeo-square in /home/diay0794/localhost:8081/wp-content/plugins/ocean-extra/includes/widgets/social.php on line 543
[03-Jan-2023 21:48:09 UTC] PHP Notice:  Trying to access array offset on value of type null in /home/diay0794/localhost:8081/wp-content/plugins/ocean-extra/includes/widgets/social.php on line 543
[03-Jan-2023 21:48:18 UTC] PHP Notice:  Undefined index: google-plus in /home/diay0794/localhost:8081/wp-content/plugins/ocean-extra/includes/widgets/social.php on line 543
[03-Jan-2023 21:48:18 UTC] PHP Notice:  Trying to access array offset on value of type null in /home/diay0794/localhost:8081/wp-content/plugins/ocean-extra/includes/widgets/social.php on line 543
[03-Jan-2023 21:48:18 UTC] PHP Notice:  Undefined index: vimeo-square in /home/diay0794/localhost:8081/wp-content/plugins/ocean-extra/includes/widgets/social.php on line 543
[03-Jan-2023 21:48:18 UTC] PHP Notice:  Trying to access array offset on value of type null in /home/diay0794/localhost:8081/wp-content/plugins/ocean-extra/includes/widgets/social.php on line 543
[03-Jan-2023 21:48:19 UTC] PHP Notice:  Undefined index: google-plus in /home/diay0794/localhost:8081/wp-content/plugins/ocean-extra/includes/widgets/social.php on line 543
[03-Jan-2023 21:48:19 UTC] PHP Notice:  Trying to access array offset on value of type null in /home/diay0794/localhost:8081/wp-content/plugins/ocean-extra/includes/widgets/social.php on line 543
[03-Jan-2023 21:48:19 UTC] PHP Notice:  Undefined index: vimeo-square in /home/diay0794/localhost:8081/wp-content/plugins/ocean-extra/includes/widgets/social.php on line 543
[03-Jan-2023 21:48:19 UTC] PHP Notice:  Trying to access array offset on value of type null in /home/diay0794/localhost:8081/wp-content/plugins/ocean-extra/includes/widgets/social.php on line 543
[03-Jan-2023 21:48:19 UTC] PHP Notice:  Undefined index: google-plus in /home/diay0794/localhost:8081/wp-content/plugins/ocean-extra/includes/widgets/social.php on line 543
[03-Jan-2023 21:48:19 UTC] PHP Notice:  Trying to access array offset on value of type null in /home/diay0794/localhost:8081/wp-content/plugins/ocean-extra/includes/widgets/social.php on line 543
[03-Jan-2023 21:48:19 UTC] PHP Notice:  Undefined index: vimeo-square in /home/diay0794/localhost:8081/wp-content/plugins/ocean-extra/includes/widgets/social.php on line 543
[03-Jan-2023 21:48:19 UTC] PHP Notice:  Trying to access array offset on value of type null in /home/diay0794/localhost:8081/wp-content/plugins/ocean-extra/includes/widgets/social.php on line 543
[03-Jan-2023 21:48:20 UTC] PHP Notice:  Undefined index: google-plus in /home/diay0794/localhost:8081/wp-content/plugins/ocean-extra/includes/widgets/social.php on line 543
[03-Jan-2023 21:48:20 UTC] PHP Notice:  Trying to access array offset on value of type null in /home/diay0794/localhost:8081/wp-content/plugins/ocean-extra/includes/widgets/social.php on line 543
[03-Jan-2023 21:48:20 UTC] PHP Notice:  Undefined index: vimeo-square in /home/diay0794/localhost:8081/wp-content/plugins/ocean-extra/includes/widgets/social.php on line 543
[03-Jan-2023 21:48:20 UTC] PHP Notice:  Trying to access array offset on value of type null in /home/diay0794/localhost:8081/wp-content/plugins/ocean-extra/includes/widgets/social.php on line 543
[03-Jan-2023 21:48:20 UTC] PHP Notice:  Undefined index: google-plus in /home/diay0794/localhost:8081/wp-content/plugins/ocean-extra/includes/widgets/social.php on line 543
[03-Jan-2023 21:48:20 UTC] PHP Notice:  Trying to access array offset on value of type null in /home/diay0794/localhost:8081/wp-content/plugins/ocean-extra/includes/widgets/social.php on line 543
[03-Jan-2023 21:48:20 UTC] PHP Notice:  Undefined index: vimeo-square in /home/diay0794/localhost:8081/wp-content/plugins/ocean-extra/includes/widgets/social.php on line 543
[03-Jan-2023 21:48:20 UTC] PHP Notice:  Trying to access array offset on value of type null in /home/diay0794/localhost:8081/wp-content/plugins/ocean-extra/includes/widgets/social.php on line 543
[03-Jan-2023 21:48:20 UTC] PHP Notice:  Undefined index: google-plus in /home/diay0794/localhost:8081/wp-content/plugins/ocean-extra/includes/widgets/social.php on line 543
[03-Jan-2023 21:48:20 UTC] PHP Notice:  Trying to access array offset on value of type null in /home/diay0794/localhost:8081/wp-content/plugins/ocean-extra/includes/widgets/social.php on line 543
[03-Jan-2023 21:48:20 UTC] PHP Notice:  Undefined index: vimeo-square in /home/diay0794/localhost:8081/wp-content/plugins/ocean-extra/includes/widgets/social.php on line 543
[03-Jan-2023 21:48:20 UTC] PHP Notice:  Trying to access array offset on value of type null in /home/diay0794/localhost:8081/wp-content/plugins/ocean-extra/includes/widgets/social.php on line 543
[03-Jan-2023 22:03:14 UTC] PHP Notice:  Undefined index: google-plus in /home/diay0794/localhost:8081/wp-content/plugins/ocean-extra/includes/widgets/social.php on line 543
[03-Jan-2023 22:03:14 UTC] PHP Notice:  Trying to access array offset on value of type null in /home/diay0794/localhost:8081/wp-content/plugins/ocean-extra/includes/widgets/social.php on line 543
[03-Jan-2023 22:03:14 UTC] PHP Notice:  Undefined index: vimeo-square in /home/diay0794/localhost:8081/wp-content/plugins/ocean-extra/includes/widgets/social.php on line 543
[03-Jan-2023 22:03:14 UTC] PHP Notice:  Trying to access array offset on value of type null in /home/diay0794/localhost:8081/wp-content/plugins/ocean-extra/includes/widgets/social.php on line 543
[03-Jan-2023 22:03:14 UTC] PHP Notice:  Undefined index: google-plus in /home/diay0794/localhost:8081/wp-content/plugins/ocean-extra/includes/widgets/social.php on line 543
[03-Jan-2023 22:03:14 UTC] PHP Notice:  Trying to access array offset on value of type null in /home/diay0794/localhost:8081/wp-content/plugins/ocean-extra/includes/widgets/social.php on line 543
[03-Jan-2023 22:03:14 UTC] PHP Notice:  Undefined index: vimeo-square in /home/diay0794/localhost:8081/wp-content/plugins/ocean-extra/includes/widgets/social.php on line 543
[03-Jan-2023 22:03:14 UTC] PHP Notice:  Trying to access array offset on value of type null in /home/diay0794/localhost:8081/wp-content/plugins/ocean-extra/includes/widgets/social.php on line 543
[03-Jan-2023 22:03:17 UTC] PHP Notice:  Undefined index: google-plus in /home/diay0794/localhost:8081/wp-content/plugins/ocean-extra/includes/widgets/social.php on line 543
[03-Jan-2023 22:03:17 UTC] PHP Notice:  Trying to access array offset on value of type null in /home/diay0794/localhost:8081/wp-content/plugins/ocean-extra/includes/widgets/social.php on line 543
[03-Jan-2023 22:03:17 UTC] PHP Notice:  Undefined index: vimeo-square in /home/diay0794/localhost:8081/wp-content/plugins/ocean-extra/includes/widgets/social.php on line 543
[03-Jan-2023 22:03:17 UTC] PHP Notice:  Trying to access array offset on value of type null in /home/diay0794/localhost:8081/wp-content/plugins/ocean-extra/includes/widgets/social.php on line 543
[03-Jan-2023 22:03:17 UTC] PHP Notice:  Undefined index: google-plus in /home/diay0794/localhost:8081/wp-content/plugins/ocean-extra/includes/widgets/social.php on line 543
[03-Jan-2023 22:03:17 UTC] PHP Notice:  Trying to access array offset on value of type null in /home/diay0794/localhost:8081/wp-content/plugins/ocean-extra/includes/widgets/social.php on line 543
[03-Jan-2023 22:03:17 UTC] PHP Notice:  Undefined index: vimeo-square in /home/diay0794/localhost:8081/wp-content/plugins/ocean-extra/includes/widgets/social.php on line 543
[03-Jan-2023 22:03:17 UTC] PHP Notice:  Trying to access array offset on value of type null in /home/diay0794/localhost:8081/wp-content/plugins/ocean-extra/includes/widgets/social.php on line 543
[03-Jan-2023 22:03:53 UTC] PHP Notice:  Undefined index: google-plus in /home/diay0794/localhost:8081/wp-content/plugins/ocean-extra/includes/widgets/social.php on line 543
[03-Jan-2023 22:03:53 UTC] PHP Notice:  Trying to access array offset on value of type null in /home/diay0794/localhost:8081/wp-content/plugins/ocean-extra/includes/widgets/social.php on line 543
[03-Jan-2023 22:03:53 UTC] PHP Notice:  Undefined index: vimeo-square in /home/diay0794/localhost:8081/wp-content/plugins/ocean-extra/includes/widgets/social.php on line 543
[03-Jan-2023 22:03:53 UTC] PHP Notice:  Trying to access array offset on value of type null in /home/diay0794/localhost:8081/wp-content/plugins/ocean-extra/includes/widgets/social.php on line 543
[03-Jan-2023 22:03:53 UTC] PHP Notice:  Undefined index: google-plus in /home/diay0794/localhost:8081/wp-content/plugins/ocean-extra/includes/widgets/social.php on line 543
[03-Jan-2023 22:03:53 UTC] PHP Notice:  Trying to access array offset on value of type null in /home/diay0794/localhost:8081/wp-content/plugins/ocean-extra/includes/widgets/social.php on line 543
[03-Jan-2023 22:03:53 UTC] PHP Notice:  Undefined index: vimeo-square in /home/diay0794/localhost:8081/wp-content/plugins/ocean-extra/includes/widgets/social.php on line 543
[03-Jan-2023 22:03:53 UTC] PHP Notice:  Trying to access array offset on value of type null in /home/diay0794/localhost:8081/wp-content/plugins/ocean-extra/includes/widgets/social.php on line 543
[03-Jan-2023 22:04:20 UTC] PHP Notice:  Undefined index: google-plus in /home/diay0794/localhost:8081/wp-content/plugins/ocean-extra/includes/widgets/social.php on line 543
[03-Jan-2023 22:04:20 UTC] PHP Notice:  Trying to access array offset on value of type null in /home/diay0794/localhost:8081/wp-content/plugins/ocean-extra/includes/widgets/social.php on line 543
[03-Jan-2023 22:04:20 UTC] PHP Notice:  Undefined index: vimeo-square in /home/diay0794/localhost:8081/wp-content/plugins/ocean-extra/includes/widgets/social.php on line 543
[03-Jan-2023 22:04:20 UTC] PHP Notice:  Trying to access array offset on value of type null in /home/diay0794/localhost:8081/wp-content/plugins/ocean-extra/includes/widgets/social.php on line 543
[03-Jan-2023 22:04:20 UTC] PHP Notice:  Undefined index: google-plus in /home/diay0794/localhost:8081/wp-content/plugins/ocean-extra/includes/widgets/social.php on line 543
[03-Jan-2023 22:04:20 UTC] PHP Notice:  Trying to access array offset on value of type null in /home/diay0794/localhost:8081/wp-content/plugins/ocean-extra/includes/widgets/social.php on line 543
[03-Jan-2023 22:04:20 UTC] PHP Notice:  Undefined index: vimeo-square in /home/diay0794/localhost:8081/wp-content/plugins/ocean-extra/includes/widgets/social.php on line 543
[03-Jan-2023 22:04:20 UTC] PHP Notice:  Trying to access array offset on value of type null in /home/diay0794/localhost:8081/wp-content/plugins/ocean-extra/includes/widgets/social.php on line 543
[03-Jan-2023 22:04:21 UTC] PHP Notice:  Undefined index: google-plus in /home/diay0794/localhost:8081/wp-content/plugins/ocean-extra/includes/widgets/social.php on line 543
[03-Jan-2023 22:04:21 UTC] PHP Notice:  Trying to access array offset on value of type null in /home/diay0794/localhost:8081/wp-content/plugins/ocean-extra/includes/widgets/social.php on line 543
[03-Jan-2023 22:04:21 UTC] PHP Notice:  Undefined index: vimeo-square in /home/diay0794/localhost:8081/wp-content/plugins/ocean-extra/includes/widgets/social.php on line 543
[03-Jan-2023 22:04:21 UTC] PHP Notice:  Trying to access array offset on value of type null in /home/diay0794/localhost:8081/wp-content/plugins/ocean-extra/includes/widgets/social.php on line 543
[03-Jan-2023 22:04:21 UTC] PHP Notice:  Undefined index: google-plus in /home/diay0794/localhost:8081/wp-content/plugins/ocean-extra/includes/widgets/social.php on line 543
[03-Jan-2023 22:04:21 UTC] PHP Notice:  Trying to access array offset on value of type null in /home/diay0794/localhost:8081/wp-content/plugins/ocean-extra/includes/widgets/social.php on line 543
[03-Jan-2023 22:04:21 UTC] PHP Notice:  Undefined index: vimeo-square in /home/diay0794/localhost:8081/wp-content/plugins/ocean-extra/includes/widgets/social.php on line 543
[03-Jan-2023 22:04:21 UTC] PHP Notice:  Trying to access array offset on value of type null in /home/diay0794/localhost:8081/wp-content/plugins/ocean-extra/includes/widgets/social.php on line 543
[04-Jan-2023 16:36:54 UTC] PHP Notice:  Undefined index: google-plus in /home/diay0794/localhost:8081/wp-content/plugins/ocean-extra/includes/widgets/social.php on line 543
[04-Jan-2023 16:36:54 UTC] PHP Notice:  Trying to access array offset on value of type null in /home/diay0794/localhost:8081/wp-content/plugins/ocean-extra/includes/widgets/social.php on line 543
[04-Jan-2023 16:36:54 UTC] PHP Notice:  Undefined index: vimeo-square in /home/diay0794/localhost:8081/wp-content/plugins/ocean-extra/includes/widgets/social.php on line 543
[04-Jan-2023 16:36:54 UTC] PHP Notice:  Trying to access array offset on value of type null in /home/diay0794/localhost:8081/wp-content/plugins/ocean-extra/includes/widgets/social.php on line 543
[08-Jan-2023 22:37:05 UTC] PHP Notice:  Undefined index: google-plus in /home/diay0794/localhost:8081/wp-content/plugins/ocean-extra/includes/widgets/social.php on line 543
[08-Jan-2023 22:37:05 UTC] PHP Notice:  Trying to access array offset on value of type null in /home/diay0794/localhost:8081/wp-content/plugins/ocean-extra/includes/widgets/social.php on line 543
[08-Jan-2023 22:37:05 UTC] PHP Notice:  Undefined index: vimeo-square in /home/diay0794/localhost:8081/wp-content/plugins/ocean-extra/includes/widgets/social.php on line 543
[08-Jan-2023 22:37:05 UTC] PHP Notice:  Trying to access array offset on value of type null in /home/diay0794/localhost:8081/wp-content/plugins/ocean-extra/includes/widgets/social.php on line 543
[08-Jan-2023 22:37:08 UTC] PHP Notice:  Undefined index: google-plus in /home/diay0794/localhost:8081/wp-content/plugins/ocean-extra/includes/widgets/social.php on line 543
[08-Jan-2023 22:37:08 UTC] PHP Notice:  Trying to access array offset on value of type null in /home/diay0794/localhost:8081/wp-content/plugins/ocean-extra/includes/widgets/social.php on line 543
[08-Jan-2023 22:37:08 UTC] PHP Notice:  Undefined index: vimeo-square in /home/diay0794/localhost:8081/wp-content/plugins/ocean-extra/includes/widgets/social.php on line 543
[08-Jan-2023 22:37:08 UTC] PHP Notice:  Trying to access array offset on value of type null in /home/diay0794/localhost:8081/wp-content/plugins/ocean-extra/includes/widgets/social.php on line 543
[08-Jan-2023 22:37:21 UTC] PHP Notice:  Undefined index: google-plus in /home/diay0794/localhost:8081/wp-content/plugins/ocean-extra/includes/widgets/social.php on line 543
[08-Jan-2023 22:37:21 UTC] PHP Notice:  Trying to access array offset on value of type null in /home/diay0794/localhost:8081/wp-content/plugins/ocean-extra/includes/widgets/social.php on line 543
[08-Jan-2023 22:37:21 UTC] PHP Notice:  Undefined index: vimeo-square in /home/diay0794/localhost:8081/wp-content/plugins/ocean-extra/includes/widgets/social.php on line 543
[08-Jan-2023 22:37:21 UTC] PHP Notice:  Trying to access array offset on value of type null in /home/diay0794/localhost:8081/wp-content/plugins/ocean-extra/includes/widgets/social.php on line 543
[08-Jan-2023 22:37:37 UTC] PHP Notice:  Undefined index: google-plus in /home/diay0794/localhost:8081/wp-content/plugins/ocean-extra/includes/widgets/social.php on line 543
[08-Jan-2023 22:37:37 UTC] PHP Notice:  Trying to access array offset on value of type null in /home/diay0794/localhost:8081/wp-content/plugins/ocean-extra/includes/widgets/social.php on line 543
[08-Jan-2023 22:37:37 UTC] PHP Notice:  Undefined index: vimeo-square in /home/diay0794/localhost:8081/wp-content/plugins/ocean-extra/includes/widgets/social.php on line 543
[08-Jan-2023 22:37:37 UTC] PHP Notice:  Trying to access array offset on value of type null in /home/diay0794/localhost:8081/wp-content/plugins/ocean-extra/includes/widgets/social.php on line 543
[08-Jan-2023 22:37:39 UTC] PHP Notice:  Undefined index: google-plus in /home/diay0794/localhost:8081/wp-content/plugins/ocean-extra/includes/widgets/social.php on line 543
[08-Jan-2023 22:37:39 UTC] PHP Notice:  Trying to access array offset on value of type null in /home/diay0794/localhost:8081/wp-content/plugins/ocean-extra/includes/widgets/social.php on line 543
[08-Jan-2023 22:37:39 UTC] PHP Notice:  Undefined index: vimeo-square in /home/diay0794/localhost:8081/wp-content/plugins/ocean-extra/includes/widgets/social.php on line 543
[08-Jan-2023 22:37:39 UTC] PHP Notice:  Trying to access array offset on value of type null in /home/diay0794/localhost:8081/wp-content/plugins/ocean-extra/includes/widgets/social.php on line 543
[08-Jan-2023 22:38:03 UTC] PHP Notice:  Undefined index: google-plus in /home/diay0794/localhost:8081/wp-content/plugins/ocean-extra/includes/widgets/social.php on line 543
[08-Jan-2023 22:38:03 UTC] PHP Notice:  Trying to access array offset on value of type null in /home/diay0794/localhost:8081/wp-content/plugins/ocean-extra/includes/widgets/social.php on line 543
[08-Jan-2023 22:38:03 UTC] PHP Notice:  Undefined index: vimeo-square in /home/diay0794/localhost:8081/wp-content/plugins/ocean-extra/includes/widgets/social.php on line 543
[08-Jan-2023 22:38:03 UTC] PHP Notice:  Trying to access array offset on value of type null in /home/diay0794/localhost:8081/wp-content/plugins/ocean-extra/includes/widgets/social.php on line 543
[08-Jan-2023 22:38:47 UTC] PHP Notice:  Undefined index: google-plus in /home/diay0794/localhost:8081/wp-content/plugins/ocean-extra/includes/widgets/social.php on line 543
[08-Jan-2023 22:38:47 UTC] PHP Notice:  Trying to access array offset on value of type null in /home/diay0794/localhost:8081/wp-content/plugins/ocean-extra/includes/widgets/social.php on line 543
[08-Jan-2023 22:38:47 UTC] PHP Notice:  Undefined index: vimeo-square in /home/diay0794/localhost:8081/wp-content/plugins/ocean-extra/includes/widgets/social.php on line 543
[08-Jan-2023 22:38:47 UTC] PHP Notice:  Trying to access array offset on value of type null in /home/diay0794/localhost:8081/wp-content/plugins/ocean-extra/includes/widgets/social.php on line 543
[08-Jan-2023 22:39:13 UTC] PHP Notice:  Undefined index: google-plus in /home/diay0794/localhost:8081/wp-content/plugins/ocean-extra/includes/widgets/social.php on line 543
[08-Jan-2023 22:39:13 UTC] PHP Notice:  Trying to access array offset on value of type null in /home/diay0794/localhost:8081/wp-content/plugins/ocean-extra/includes/widgets/social.php on line 543
[08-Jan-2023 22:39:13 UTC] PHP Notice:  Undefined index: vimeo-square in /home/diay0794/localhost:8081/wp-content/plugins/ocean-extra/includes/widgets/social.php on line 543
[08-Jan-2023 22:39:13 UTC] PHP Notice:  Trying to access array offset on value of type null in /home/diay0794/localhost:8081/wp-content/plugins/ocean-extra/includes/widgets/social.php on line 543
[22-Jan-2023 21:58:54 UTC] PHP Warning:  Undefined array key "hostname" in /var/www/html/wp-admin/includes/class-wp-filesystem-ftpext.php on line 98
[22-Jan-2023 22:22:26 UTC] PHP Warning:  Undefined array key "hostname" in /var/www/html/wp-admin/includes/class-wp-filesystem-ftpext.php on line 98
[22-Jan-2023 22:22:43 UTC] PHP Warning:  Undefined array key "hostname" in /var/www/html/wp-admin/includes/class-wp-filesystem-ftpext.php on line 98
[22-Jan-2023 22:24:09 UTC] PHP Warning:  Undefined array key "hostname" in /var/www/html/wp-admin/includes/class-wp-filesystem-ftpext.php on line 98
[22-Jan-2023 22:40:40 UTC] PHP Warning:  Undefined array key "hostname" in /var/www/html/wp-admin/includes/class-wp-filesystem-ftpext.php on line 98
[22-Jan-2023 22:41:32 UTC] PHP Warning:  Undefined array key "hostname" in /var/www/html/wp-admin/includes/class-wp-filesystem-ftpext.php on line 98
[22-Jan-2023 22:41:41 UTC] PHP Warning:  Undefined array key "hostname" in /var/www/html/wp-admin/includes/class-wp-filesystem-ftpext.php on line 98
[22-Jan-2023 22:41:45 UTC] PHP Warning:  Undefined array key "hostname" in /var/www/html/wp-admin/includes/class-wp-filesystem-ftpext.php on line 98
[22-Jan-2023 22:41:54 UTC] PHP Warning:  Undefined array key "hostname" in /var/www/html/wp-admin/includes/class-wp-filesystem-ftpext.php on line 98
[22-Jan-2023 22:47:11 UTC] PHP Warning:  Undefined array key "hostname" in /var/www/html/wp-admin/includes/class-wp-filesystem-ftpext.php on line 98
[22-Jan-2023 22:48:21 UTC] PHP Warning:  Undefined array key "hostname" in /var/www/html/wp-admin/includes/class-wp-filesystem-ftpext.php on line 98
[22-Jan-2023 22:48:21 UTC] PHP Fatal error:  Uncaught Error: Attempt to assign property "plugins" on bool in /var/www/html/wp-content/plugins/ocean-extra/includes/freemius/start.php:74
Stack trace:
#0 /var/www/html/wp-content/themes/oceanwp/functions.php(1114): require_once()
#1 /var/www/html/wp-content/themes/oceanwp/functions.php(1144): owp_fs()
#2 /var/www/html/wp-settings.php(585): include('/var/www/html/w...')
#3 /var/www/html/wp-config.php(115): require_once('/var/www/html/w...')
#4 /var/www/html/wp-load.php(50): require_once('/var/www/html/w...')
#5 /var/www/html/wp-blog-header.php(13): require_once('/var/www/html/w...')
#6 /var/www/html/index.php(17): require('/var/www/html/w...')
#7 {main}
  thrown in /var/www/html/wp-content/plugins/ocean-extra/includes/freemius/start.php on line 74
[22-Jan-2023 22:48:31 UTC] PHP Warning:  Undefined array key "hostname" in /var/www/html/wp-admin/includes/class-wp-filesystem-ftpext.php on line 98
[22-Jan-2023 22:48:31 UTC] PHP Fatal error:  Uncaught Error: Attempt to assign property "plugins" on bool in /var/www/html/wp-content/plugins/ocean-extra/includes/freemius/start.php:74
Stack trace:
#0 /var/www/html/wp-content/themes/oceanwp/functions.php(1114): require_once()
#1 /var/www/html/wp-content/themes/oceanwp/functions.php(1144): owp_fs()
#2 /var/www/html/wp-settings.php(585): include('/var/www/html/w...')
#3 /var/www/html/wp-config.php(115): require_once('/var/www/html/w...')
#4 /var/www/html/wp-load.php(50): require_once('/var/www/html/w...')
#5 /var/www/html/wp-blog-header.php(13): require_once('/var/www/html/w...')
#6 /var/www/html/index.php(17): require('/var/www/html/w...')
#7 {main}
  thrown in /var/www/html/wp-content/plugins/ocean-extra/includes/freemius/start.php on line 74
[22-Jan-2023 22:49:03 UTC] PHP Warning:  Undefined array key "hostname" in /var/www/html/wp-admin/includes/class-wp-filesystem-ftpext.php on line 98
[22-Jan-2023 22:49:03 UTC] PHP Fatal error:  Uncaught Error: Attempt to assign property "plugins" on bool in /var/www/html/wp-content/plugins/ocean-extra/includes/freemius/start.php:74
Stack trace:
#0 /var/www/html/wp-content/themes/oceanwp/functions.php(1114): require_once()
#1 /var/www/html/wp-content/themes/oceanwp/functions.php(1144): owp_fs()
#2 /var/www/html/wp-settings.php(585): include('/var/www/html/w...')
#3 /var/www/html/wp-config.php(115): require_once('/var/www/html/w...')
#4 /var/www/html/wp-load.php(50): require_once('/var/www/html/w...')
#5 /var/www/html/wp-blog-header.php(13): require_once('/var/www/html/w...')
#6 /var/www/html/index.php(17): require('/var/www/html/w...')
#7 {main}
  thrown in /var/www/html/wp-content/plugins/ocean-extra/includes/freemius/start.php on line 74
[22-Jan-2023 22:49:04 UTC] PHP Warning:  Undefined array key "hostname" in /var/www/html/wp-admin/includes/class-wp-filesystem-ftpext.php on line 98
[22-Jan-2023 22:49:04 UTC] PHP Fatal error:  Uncaught Error: Attempt to assign property "plugins" on bool in /var/www/html/wp-content/plugins/ocean-extra/includes/freemius/start.php:74
Stack trace:
#0 /var/www/html/wp-content/themes/oceanwp/functions.php(1114): require_once()
#1 /var/www/html/wp-content/themes/oceanwp/functions.php(1144): owp_fs()
#2 /var/www/html/wp-settings.php(585): include('/var/www/html/w...')
#3 /var/www/html/wp-config.php(115): require_once('/var/www/html/w...')
#4 /var/www/html/wp-load.php(50): require_once('/var/www/html/w...')
#5 /var/www/html/wp-blog-header.php(13): require_once('/var/www/html/w...')
#6 /var/www/html/index.php(17): require('/var/www/html/w...')
#7 {main}
  thrown in /var/www/html/wp-content/plugins/ocean-extra/includes/freemius/start.php on line 74
[22-Jan-2023 22:50:39 UTC] PHP Warning:  Undefined array key "hostname" in /var/www/html/wp-admin/includes/class-wp-filesystem-ftpext.php on line 98
[22-Jan-2023 22:50:39 UTC] PHP Fatal error:  Uncaught Error: Attempt to assign property "plugins" on bool in /var/www/html/wp-content/plugins/ocean-extra/includes/freemius/start.php:74
Stack trace:
#0 /var/www/html/wp-content/themes/oceanwp/functions.php(1114): require_once()
#1 /var/www/html/wp-content/themes/oceanwp/functions.php(1144): owp_fs()
#2 /var/www/html/wp-settings.php(585): include('/var/www/html/w...')
#3 /var/www/html/wp-config.php(115): require_once('/var/www/html/w...')
#4 /var/www/html/wp-load.php(50): require_once('/var/www/html/w...')
#5 /var/www/html/wp-blog-header.php(13): require_once('/var/www/html/w...')
#6 /var/www/html/index.php(17): require('/var/www/html/w...')
#7 {main}
  thrown in /var/www/html/wp-content/plugins/ocean-extra/includes/freemius/start.php on line 74
[22-Jan-2023 22:52:24 UTC] PHP Warning:  Undefined array key "hostname" in /var/www/html/wp-admin/includes/class-wp-filesystem-ftpext.php on line 98
[22-Jan-2023 22:52:24 UTC] PHP Fatal error:  Uncaught Error: Attempt to assign property "plugins" on bool in /var/www/html/wp-content/plugins/ocean-extra/includes/freemius/start.php:74
Stack trace:
#0 /var/www/html/wp-content/themes/oceanwp/functions.php(1114): require_once()
#1 /var/www/html/wp-content/themes/oceanwp/functions.php(1144): owp_fs()
#2 /var/www/html/wp-settings.php(585): include('/var/www/html/w...')
#3 /var/www/html/wp-config.php(115): require_once('/var/www/html/w...')
#4 /var/www/html/wp-load.php(50): require_once('/var/www/html/w...')
#5 /var/www/html/wp-blog-header.php(13): require_once('/var/www/html/w...')
#6 /var/www/html/index.php(17): require('/var/www/html/w...')
#7 {main}
  thrown in /var/www/html/wp-content/plugins/ocean-extra/includes/freemius/start.php on line 74
[22-Jan-2023 22:52:24 UTC] PHP Warning:  Undefined array key "hostname" in /var/www/html/wp-admin/includes/class-wp-filesystem-ftpext.php on line 98
[22-Jan-2023 22:52:24 UTC] PHP Fatal error:  Uncaught Error: Attempt to assign property "plugins" on bool in /var/www/html/wp-content/plugins/ocean-extra/includes/freemius/start.php:74
Stack trace:
#0 /var/www/html/wp-content/themes/oceanwp/functions.php(1114): require_once()
#1 /var/www/html/wp-content/themes/oceanwp/functions.php(1144): owp_fs()
#2 /var/www/html/wp-settings.php(585): include('/var/www/html/w...')
#3 /var/www/html/wp-config.php(115): require_once('/var/www/html/w...')
#4 /var/www/html/wp-load.php(50): require_once('/var/www/html/w...')
#5 /var/www/html/wp-blog-header.php(13): require_once('/var/www/html/w...')
#6 /var/www/html/index.php(17): require('/var/www/html/w...')
#7 {main}
  thrown in /var/www/html/wp-content/plugins/ocean-extra/includes/freemius/start.php on line 74
[22-Jan-2023 22:52:25 UTC] PHP Warning:  Undefined array key "hostname" in /var/www/html/wp-admin/includes/class-wp-filesystem-ftpext.php on line 98
[22-Jan-2023 22:52:25 UTC] PHP Fatal error:  Uncaught Error: Attempt to assign property "plugins" on bool in /var/www/html/wp-content/plugins/ocean-extra/includes/freemius/start.php:74
Stack trace:
#0 /var/www/html/wp-content/themes/oceanwp/functions.php(1114): require_once()
#1 /var/www/html/wp-content/themes/oceanwp/functions.php(1144): owp_fs()
#2 /var/www/html/wp-settings.php(585): include('/var/www/html/w...')
#3 /var/www/html/wp-config.php(115): require_once('/var/www/html/w...')
#4 /var/www/html/wp-load.php(50): require_once('/var/www/html/w...')
#5 /var/www/html/wp-blog-header.php(13): require_once('/var/www/html/w...')
#6 /var/www/html/index.php(17): require('/var/www/html/w...')
#7 {main}
  thrown in /var/www/html/wp-content/plugins/ocean-extra/includes/freemius/start.php on line 74
[22-Jan-2023 22:52:48 UTC] PHP Warning:  mysqli_real_connect(): (HY000/2002): Connection refused in /var/www/html/wp-includes/class-wpdb.php on line 1775
[22-Jan-2023 22:52:49 UTC] PHP Warning:  mysqli_real_connect(): (HY000/2002): Connection refused in /var/www/html/wp-includes/class-wpdb.php on line 1775
[22-Jan-2023 22:52:50 UTC] PHP Warning:  mysqli_real_connect(): (HY000/2002): Connection refused in /var/www/html/wp-includes/class-wpdb.php on line 1775
[22-Jan-2023 22:52:50 UTC] PHP Warning:  mysqli_real_connect(): (HY000/2002): Connection refused in /var/www/html/wp-includes/class-wpdb.php on line 1775
[22-Jan-2023 22:52:51 UTC] PHP Warning:  mysqli_real_connect(): (HY000/2002): Connection refused in /var/www/html/wp-includes/class-wpdb.php on line 1775
[22-Jan-2023 22:52:51 UTC] PHP Warning:  mysqli_real_connect(): (HY000/2002): Connection refused in /var/www/html/wp-includes/class-wpdb.php on line 1775
[22-Jan-2023 22:52:51 UTC] PHP Warning:  mysqli_real_connect(): (HY000/2002): Connection refused in /var/www/html/wp-includes/class-wpdb.php on line 1775
[22-Jan-2023 22:52:52 UTC] PHP Warning:  mysqli_real_connect(): (HY000/2002): Connection refused in /var/www/html/wp-includes/class-wpdb.php on line 1775
[22-Jan-2023 22:52:52 UTC] PHP Warning:  mysqli_real_connect(): (HY000/2002): Connection refused in /var/www/html/wp-includes/class-wpdb.php on line 1775
[22-Jan-2023 22:52:52 UTC] PHP Warning:  mysqli_real_connect(): (HY000/2002): Connection refused in /var/www/html/wp-includes/class-wpdb.php on line 1775
[22-Jan-2023 22:52:52 UTC] PHP Warning:  mysqli_real_connect(): (HY000/2002): Connection refused in /var/www/html/wp-includes/class-wpdb.php on line 1775
[22-Jan-2023 22:52:54 UTC] PHP Warning:  mysqli_real_connect(): (HY000/2002): Connection refused in /var/www/html/wp-includes/class-wpdb.php on line 1775
[22-Jan-2023 22:52:54 UTC] PHP Warning:  Undefined array key "hostname" in /var/www/html/wp-admin/includes/class-wp-filesystem-ftpext.php on line 98
[22-Jan-2023 22:52:54 UTC] PHP Warning:  Undefined array key "hostname" in /var/www/html/wp-admin/includes/class-wp-filesystem-ftpext.php on line 98
[22-Jan-2023 22:52:55 UTC] PHP Fatal error:  Uncaught Error: Attempt to assign property "plugins" on bool in /var/www/html/wp-content/plugins/ocean-extra/includes/freemius/start.php:74
Stack trace:
#0 /var/www/html/wp-content/themes/oceanwp/functions.php(1114): require_once()
#1 /var/www/html/wp-content/themes/oceanwp/functions.php(1144): owp_fs()
#2 /var/www/html/wp-settings.php(585): include('/var/www/html/w...')
#3 /var/www/html/wp-config.php(115): require_once('/var/www/html/w...')
#4 /var/www/html/wp-load.php(50): require_once('/var/www/html/w...')
#5 /var/www/html/wp-blog-header.php(13): require_once('/var/www/html/w...')
#6 /var/www/html/index.php(17): require('/var/www/html/w...')
#7 {main}
  thrown in /var/www/html/wp-content/plugins/ocean-extra/includes/freemius/start.php on line 74
[22-Jan-2023 22:52:55 UTC] PHP Fatal error:  Uncaught Error: Attempt to assign property "plugins" on bool in /var/www/html/wp-content/plugins/ocean-extra/includes/freemius/start.php:74
Stack trace:
#0 /var/www/html/wp-content/themes/oceanwp/functions.php(1114): require_once()
#1 /var/www/html/wp-content/themes/oceanwp/functions.php(1144): owp_fs()
#2 /var/www/html/wp-settings.php(585): include('/var/www/html/w...')
#3 /var/www/html/wp-config.php(115): require_once('/var/www/html/w...')
#4 /var/www/html/wp-load.php(50): require_once('/var/www/html/w...')
#5 /var/www/html/wp-blog-header.php(13): require_once('/var/www/html/w...')
#6 /var/www/html/index.php(17): require('/var/www/html/w...')
#7 {main}
  thrown in /var/www/html/wp-content/plugins/ocean-extra/includes/freemius/start.php on line 74
[22-Jan-2023 22:52:55 UTC] PHP Warning:  Undefined array key "hostname" in /var/www/html/wp-admin/includes/class-wp-filesystem-ftpext.php on line 98
[22-Jan-2023 22:52:55 UTC] PHP Fatal error:  Uncaught Error: Attempt to assign property "plugins" on bool in /var/www/html/wp-content/plugins/ocean-extra/includes/freemius/start.php:74
Stack trace:
#0 /var/www/html/wp-content/themes/oceanwp/functions.php(1114): require_once()
#1 /var/www/html/wp-content/themes/oceanwp/functions.php(1144): owp_fs()
#2 /var/www/html/wp-settings.php(585): include('/var/www/html/w...')
#3 /var/www/html/wp-config.php(115): require_once('/var/www/html/w...')
#4 /var/www/html/wp-load.php(50): require_once('/var/www/html/w...')
#5 /var/www/html/wp-blog-header.php(13): require_once('/var/www/html/w...')
#6 /var/www/html/index.php(17): require('/var/www/html/w...')
#7 {main}
  thrown in /var/www/html/wp-content/plugins/ocean-extra/includes/freemius/start.php on line 74
[22-Jan-2023 22:52:57 UTC] PHP Warning:  Undefined array key "hostname" in /var/www/html/wp-admin/includes/class-wp-filesystem-ftpext.php on line 98
[22-Jan-2023 22:52:57 UTC] PHP Fatal error:  Uncaught Error: Attempt to assign property "plugins" on bool in /var/www/html/wp-content/plugins/ocean-extra/includes/freemius/start.php:74
Stack trace:
#0 /var/www/html/wp-content/themes/oceanwp/functions.php(1114): require_once()
#1 /var/www/html/wp-content/themes/oceanwp/functions.php(1144): owp_fs()
#2 /var/www/html/wp-settings.php(585): include('/var/www/html/w...')
#3 /var/www/html/wp-config.php(115): require_once('/var/www/html/w...')
#4 /var/www/html/wp-load.php(50): require_once('/var/www/html/w...')
#5 /var/www/html/wp-blog-header.php(13): require_once('/var/www/html/w...')
#6 /var/www/html/index.php(17): require('/var/www/html/w...')
#7 {main}
  thrown in /var/www/html/wp-content/plugins/ocean-extra/includes/freemius/start.php on line 74
[22-Jan-2023 22:52:57 UTC] PHP Warning:  Undefined array key "hostname" in /var/www/html/wp-admin/includes/class-wp-filesystem-ftpext.php on line 98
[22-Jan-2023 22:52:57 UTC] PHP Fatal error:  Uncaught Error: Attempt to assign property "plugins" on bool in /var/www/html/wp-content/plugins/ocean-extra/includes/freemius/start.php:74
Stack trace:
#0 /var/www/html/wp-content/themes/oceanwp/functions.php(1114): require_once()
#1 /var/www/html/wp-content/themes/oceanwp/functions.php(1144): owp_fs()
#2 /var/www/html/wp-settings.php(585): include('/var/www/html/w...')
#3 /var/www/html/wp-config.php(115): require_once('/var/www/html/w...')
#4 /var/www/html/wp-load.php(50): require_once('/var/www/html/w...')
#5 /var/www/html/wp-blog-header.php(13): require_once('/var/www/html/w...')
#6 /var/www/html/index.php(17): require('/var/www/html/w...')
#7 {main}
  thrown in /var/www/html/wp-content/plugins/ocean-extra/includes/freemius/start.php on line 74
[22-Jan-2023 22:52:57 UTC] PHP Warning:  Undefined array key "hostname" in /var/www/html/wp-admin/includes/class-wp-filesystem-ftpext.php on line 98
[22-Jan-2023 22:52:57 UTC] PHP Fatal error:  Uncaught Error: Attempt to assign property "plugins" on bool in /var/www/html/wp-content/plugins/ocean-extra/includes/freemius/start.php:74
Stack trace:
#0 /var/www/html/wp-content/themes/oceanwp/functions.php(1114): require_once()
#1 /var/www/html/wp-content/themes/oceanwp/functions.php(1144): owp_fs()
#2 /var/www/html/wp-settings.php(585): include('/var/www/html/w...')
#3 /var/www/html/wp-config.php(115): require_once('/var/www/html/w...')
#4 /var/www/html/wp-load.php(50): require_once('/var/www/html/w...')
#5 /var/www/html/wp-blog-header.php(13): require_once('/var/www/html/w...')
#6 /var/www/html/index.php(17): require('/var/www/html/w...')
#7 {main}
  thrown in /var/www/html/wp-content/plugins/ocean-extra/includes/freemius/start.php on line 74
[22-Jan-2023 22:52:57 UTC] PHP Warning:  Undefined array key "hostname" in /var/www/html/wp-admin/includes/class-wp-filesystem-ftpext.php on line 98
[22-Jan-2023 22:52:57 UTC] PHP Fatal error:  Uncaught Error: Attempt to assign property "plugins" on bool in /var/www/html/wp-content/plugins/ocean-extra/includes/freemius/start.php:74
Stack trace:
#0 /var/www/html/wp-content/themes/oceanwp/functions.php(1114): require_once()
#1 /var/www/html/wp-content/themes/oceanwp/functions.php(1144): owp_fs()
#2 /var/www/html/wp-settings.php(585): include('/var/www/html/w...')
#3 /var/www/html/wp-config.php(115): require_once('/var/www/html/w...')
#4 /var/www/html/wp-load.php(50): require_once('/var/www/html/w...')
#5 /var/www/html/wp-blog-header.php(13): require_once('/var/www/html/w...')
#6 /var/www/html/index.php(17): require('/var/www/html/w...')
#7 {main}
  thrown in /var/www/html/wp-content/plugins/ocean-extra/includes/freemius/start.php on line 74
[22-Jan-2023 22:52:58 UTC] PHP Warning:  Undefined array key "hostname" in /var/www/html/wp-admin/includes/class-wp-filesystem-ftpext.php on line 98
[22-Jan-2023 22:52:58 UTC] PHP Fatal error:  Uncaught Error: Attempt to assign property "plugins" on bool in /var/www/html/wp-content/plugins/ocean-extra/includes/freemius/start.php:74
Stack trace:
#0 /var/www/html/wp-content/themes/oceanwp/functions.php(1114): require_once()
#1 /var/www/html/wp-content/themes/oceanwp/functions.php(1144): owp_fs()
#2 /var/www/html/wp-settings.php(585): include('/var/www/html/w...')
#3 /var/www/html/wp-config.php(115): require_once('/var/www/html/w...')
#4 /var/www/html/wp-load.php(50): require_once('/var/www/html/w...')
#5 /var/www/html/wp-blog-header.php(13): require_once('/var/www/html/w...')
#6 /var/www/html/index.php(17): require('/var/www/html/w...')
#7 {main}
  thrown in /var/www/html/wp-content/plugins/ocean-extra/includes/freemius/start.php on line 74
[22-Jan-2023 22:52:58 UTC] PHP Warning:  Undefined array key "hostname" in /var/www/html/wp-admin/includes/class-wp-filesystem-ftpext.php on line 98
[22-Jan-2023 22:52:58 UTC] PHP Fatal error:  Uncaught Error: Attempt to assign property "plugins" on bool in /var/www/html/wp-content/plugins/ocean-extra/includes/freemius/start.php:74
Stack trace:
#0 /var/www/html/wp-content/themes/oceanwp/functions.php(1114): require_once()
#1 /var/www/html/wp-content/themes/oceanwp/functions.php(1144): owp_fs()
#2 /var/www/html/wp-settings.php(585): include('/var/www/html/w...')
#3 /var/www/html/wp-config.php(115): require_once('/var/www/html/w...')
#4 /var/www/html/wp-load.php(50): require_once('/var/www/html/w...')
#5 /var/www/html/wp-blog-header.php(13): require_once('/var/www/html/w...')
#6 /var/www/html/index.php(17): require('/var/www/html/w...')
#7 {main}
  thrown in /var/www/html/wp-content/plugins/ocean-extra/includes/freemius/start.php on line 74
[22-Jan-2023 22:54:07 UTC] PHP Warning:  Undefined array key "hostname" in /var/www/html/wp-admin/includes/class-wp-filesystem-ftpext.php on line 98
[22-Jan-2023 22:54:07 UTC] PHP Fatal error:  Uncaught Error: Attempt to assign property "plugins" on bool in /var/www/html/wp-content/plugins/ocean-extra/includes/freemius/start.php:74
Stack trace:
#0 /var/www/html/wp-content/themes/oceanwp/functions.php(1114): require_once()
#1 /var/www/html/wp-content/themes/oceanwp/functions.php(1144): owp_fs()
#2 /var/www/html/wp-settings.php(585): include('/var/www/html/w...')
#3 /var/www/html/wp-config.php(115): require_once('/var/www/html/w...')
#4 /var/www/html/wp-load.php(50): require_once('/var/www/html/w...')
#5 /var/www/html/wp-blog-header.php(13): require_once('/var/www/html/w...')
#6 /var/www/html/index.php(17): require('/var/www/html/w...')
#7 {main}
  thrown in /var/www/html/wp-content/plugins/ocean-extra/includes/freemius/start.php on line 74
[22-Jan-2023 22:54:08 UTC] PHP Warning:  Undefined array key "hostname" in /var/www/html/wp-admin/includes/class-wp-filesystem-ftpext.php on line 98
[22-Jan-2023 22:54:08 UTC] PHP Fatal error:  Uncaught Error: Attempt to assign property "plugins" on bool in /var/www/html/wp-content/plugins/ocean-extra/includes/freemius/start.php:74
Stack trace:
#0 /var/www/html/wp-content/themes/oceanwp/functions.php(1114): require_once()
#1 /var/www/html/wp-content/themes/oceanwp/functions.php(1144): owp_fs()
#2 /var/www/html/wp-settings.php(585): include('/var/www/html/w...')
#3 /var/www/html/wp-config.php(115): require_once('/var/www/html/w...')
#4 /var/www/html/wp-load.php(50): require_once('/var/www/html/w...')
#5 /var/www/html/wp-blog-header.php(13): require_once('/var/www/html/w...')
#6 /var/www/html/index.php(17): require('/var/www/html/w...')
#7 {main}
  thrown in /var/www/html/wp-content/plugins/ocean-extra/includes/freemius/start.php on line 74
[22-Jan-2023 22:54:09 UTC] PHP Warning:  Undefined array key "hostname" in /var/www/html/wp-admin/includes/class-wp-filesystem-ftpext.php on line 98
[22-Jan-2023 22:54:09 UTC] PHP Fatal error:  Uncaught Error: Attempt to assign property "plugins" on bool in /var/www/html/wp-content/plugins/ocean-extra/includes/freemius/start.php:74
Stack trace:
#0 /var/www/html/wp-content/themes/oceanwp/functions.php(1114): require_once()
#1 /var/www/html/wp-content/themes/oceanwp/functions.php(1144): owp_fs()
#2 /var/www/html/wp-settings.php(585): include('/var/www/html/w...')
#3 /var/www/html/wp-config.php(115): require_once('/var/www/html/w...')
#4 /var/www/html/wp-load.php(50): require_once('/var/www/html/w...')
#5 /var/www/html/wp-blog-header.php(13): require_once('/var/www/html/w...')
#6 /var/www/html/index.php(17): require('/var/www/html/w...')
#7 {main}
  thrown in /var/www/html/wp-content/plugins/ocean-extra/includes/freemius/start.php on line 74
[22-Jan-2023 22:54:34 UTC] PHP Warning:  mysqli_real_connect(): (HY000/2002): Connection refused in /var/www/html/wp-includes/class-wpdb.php on line 1775
[22-Jan-2023 22:54:36 UTC] PHP Warning:  mysqli_real_connect(): (HY000/2002): Connection refused in /var/www/html/wp-includes/class-wpdb.php on line 1775
[22-Jan-2023 22:54:37 UTC] PHP Warning:  Undefined array key "hostname" in /var/www/html/wp-admin/includes/class-wp-filesystem-ftpext.php on line 98
[22-Jan-2023 22:54:38 UTC] PHP Fatal error:  Uncaught Error: Attempt to assign property "plugins" on bool in /var/www/html/wp-content/plugins/ocean-extra/includes/freemius/start.php:74
Stack trace:
#0 /var/www/html/wp-content/themes/oceanwp/functions.php(1114): require_once()
#1 /var/www/html/wp-content/themes/oceanwp/functions.php(1144): owp_fs()
#2 /var/www/html/wp-settings.php(585): include('/var/www/html/w...')
#3 /var/www/html/wp-config.php(115): require_once('/var/www/html/w...')
#4 /var/www/html/wp-load.php(50): require_once('/var/www/html/w...')
#5 /var/www/html/wp-blog-header.php(13): require_once('/var/www/html/w...')
#6 /var/www/html/index.php(17): require('/var/www/html/w...')
#7 {main}
  thrown in /var/www/html/wp-content/plugins/ocean-extra/includes/freemius/start.php on line 74
[22-Jan-2023 22:54:39 UTC] PHP Warning:  Undefined array key "hostname" in /var/www/html/wp-admin/includes/class-wp-filesystem-ftpext.php on line 98
[22-Jan-2023 22:54:39 UTC] PHP Fatal error:  Uncaught Error: Attempt to assign property "plugins" on bool in /var/www/html/wp-content/plugins/ocean-extra/includes/freemius/start.php:74
Stack trace:
#0 /var/www/html/wp-content/themes/oceanwp/functions.php(1114): require_once()
#1 /var/www/html/wp-content/themes/oceanwp/functions.php(1144): owp_fs()
#2 /var/www/html/wp-settings.php(585): include('/var/www/html/w...')
#3 /var/www/html/wp-config.php(115): require_once('/var/www/html/w...')
#4 /var/www/html/wp-load.php(50): require_once('/var/www/html/w...')
#5 /var/www/html/wp-blog-header.php(13): require_once('/var/www/html/w...')
#6 /var/www/html/index.php(17): require('/var/www/html/w...')
#7 {main}
  thrown in /var/www/html/wp-content/plugins/ocean-extra/includes/freemius/start.php on line 74
[22-Jan-2023 22:54:39 UTC] PHP Warning:  Undefined array key "hostname" in /var/www/html/wp-admin/includes/class-wp-filesystem-ftpext.php on line 98
[22-Jan-2023 22:54:39 UTC] PHP Fatal error:  Uncaught Error: Attempt to assign property "plugins" on bool in /var/www/html/wp-content/plugins/ocean-extra/includes/freemius/start.php:74
Stack trace:
#0 /var/www/html/wp-content/themes/oceanwp/functions.php(1114): require_once()
#1 /var/www/html/wp-content/themes/oceanwp/functions.php(1144): owp_fs()
#2 /var/www/html/wp-settings.php(585): include('/var/www/html/w...')
#3 /var/www/html/wp-config.php(115): require_once('/var/www/html/w...')
#4 /var/www/html/wp-load.php(50): require_once('/var/www/html/w...')
#5 /var/www/html/wp-blog-header.php(13): require_once('/var/www/html/w...')
#6 /var/www/html/index.php(17): require('/var/www/html/w...')
#7 {main}
  thrown in /var/www/html/wp-content/plugins/ocean-extra/includes/freemius/start.php on line 74
[22-Jan-2023 22:56:14 UTC] PHP Warning:  Undefined array key "hostname" in /var/www/html/wp-admin/includes/class-wp-filesystem-ftpext.php on line 98
[22-Jan-2023 22:56:14 UTC] PHP Fatal error:  Uncaught Error: Attempt to assign property "plugins" on bool in /var/www/html/wp-content/plugins/ocean-extra/includes/freemius/start.php:74
Stack trace:
#0 /var/www/html/wp-content/themes/oceanwp/functions.php(1114): require_once()
#1 /var/www/html/wp-content/themes/oceanwp/functions.php(1144): owp_fs()
#2 /var/www/html/wp-settings.php(585): include('/var/www/html/w...')
#3 /var/www/html/wp-config.php(115): require_once('/var/www/html/w...')
#4 /var/www/html/wp-load.php(50): require_once('/var/www/html/w...')
#5 /var/www/html/wp-blog-header.php(13): require_once('/var/www/html/w...')
#6 /var/www/html/index.php(17): require('/var/www/html/w...')
#7 {main}
  thrown in /var/www/html/wp-content/plugins/ocean-extra/includes/freemius/start.php on line 74
[22-Jan-2023 22:56:15 UTC] PHP Warning:  Undefined array key "hostname" in /var/www/html/wp-admin/includes/class-wp-filesystem-ftpext.php on line 98
[22-Jan-2023 22:56:15 UTC] PHP Fatal error:  Uncaught Error: Attempt to assign property "plugins" on bool in /var/www/html/wp-content/plugins/ocean-extra/includes/freemius/start.php:74
Stack trace:
#0 /var/www/html/wp-content/themes/oceanwp/functions.php(1114): require_once()
#1 /var/www/html/wp-content/themes/oceanwp/functions.php(1144): owp_fs()
#2 /var/www/html/wp-settings.php(585): include('/var/www/html/w...')
#3 /var/www/html/wp-config.php(115): require_once('/var/www/html/w...')
#4 /var/www/html/wp-load.php(50): require_once('/var/www/html/w...')
#5 /var/www/html/wp-blog-header.php(13): require_once('/var/www/html/w...')
#6 /var/www/html/index.php(17): require('/var/www/html/w...')
#7 {main}
  thrown in /var/www/html/wp-content/plugins/ocean-extra/includes/freemius/start.php on line 74
[22-Jan-2023 22:56:15 UTC] PHP Warning:  Undefined array key "hostname" in /var/www/html/wp-admin/includes/class-wp-filesystem-ftpext.php on line 98
[22-Jan-2023 22:56:15 UTC] PHP Fatal error:  Uncaught Error: Attempt to assign property "plugins" on bool in /var/www/html/wp-content/plugins/ocean-extra/includes/freemius/start.php:74
Stack trace:
#0 /var/www/html/wp-content/themes/oceanwp/functions.php(1114): require_once()
#1 /var/www/html/wp-content/themes/oceanwp/functions.php(1144): owp_fs()
#2 /var/www/html/wp-settings.php(585): include('/var/www/html/w...')
#3 /var/www/html/wp-config.php(115): require_once('/var/www/html/w...')
#4 /var/www/html/wp-load.php(50): require_once('/var/www/html/w...')
#5 /var/www/html/wp-blog-header.php(13): require_once('/var/www/html/w...')
#6 /var/www/html/index.php(17): require('/var/www/html/w...')
#7 {main}
  thrown in /var/www/html/wp-content/plugins/ocean-extra/includes/freemius/start.php on line 74
[22-Jan-2023 22:56:15 UTC] PHP Warning:  Undefined array key "hostname" in /var/www/html/wp-admin/includes/class-wp-filesystem-ftpext.php on line 98
[22-Jan-2023 22:56:15 UTC] PHP Fatal error:  Uncaught Error: Attempt to assign property "plugins" on bool in /var/www/html/wp-content/plugins/ocean-extra/includes/freemius/start.php:74
Stack trace:
#0 /var/www/html/wp-content/themes/oceanwp/functions.php(1114): require_once()
#1 /var/www/html/wp-content/themes/oceanwp/functions.php(1144): owp_fs()
#2 /var/www/html/wp-settings.php(585): include('/var/www/html/w...')
#3 /var/www/html/wp-config.php(115): require_once('/var/www/html/w...')
#4 /var/www/html/wp-load.php(50): require_once('/var/www/html/w...')
#5 /var/www/html/wp-blog-header.php(13): require_once('/var/www/html/w...')
#6 /var/www/html/index.php(17): require('/var/www/html/w...')
#7 {main}
  thrown in /var/www/html/wp-content/plugins/ocean-extra/includes/freemius/start.php on line 74
[22-Jan-2023 22:56:15 UTC] PHP Warning:  Undefined array key "hostname" in /var/www/html/wp-admin/includes/class-wp-filesystem-ftpext.php on line 98
[22-Jan-2023 22:56:15 UTC] PHP Fatal error:  Uncaught Error: Attempt to assign property "plugins" on bool in /var/www/html/wp-content/plugins/ocean-extra/includes/freemius/start.php:74
Stack trace:
#0 /var/www/html/wp-content/themes/oceanwp/functions.php(1114): require_once()
#1 /var/www/html/wp-content/themes/oceanwp/functions.php(1144): owp_fs()
#2 /var/www/html/wp-settings.php(585): include('/var/www/html/w...')
#3 /var/www/html/wp-config.php(115): require_once('/var/www/html/w...')
#4 /var/www/html/wp-load.php(50): require_once('/var/www/html/w...')
#5 /var/www/html/wp-blog-header.php(13): require_once('/var/www/html/w...')
#6 /var/www/html/index.php(17): require('/var/www/html/w...')
#7 {main}
  thrown in /var/www/html/wp-content/plugins/ocean-extra/includes/freemius/start.php on line 74
[22-Jan-2023 22:56:16 UTC] PHP Warning:  Undefined array key "hostname" in /var/www/html/wp-admin/includes/class-wp-filesystem-ftpext.php on line 98
[22-Jan-2023 22:56:16 UTC] PHP Fatal error:  Uncaught Error: Attempt to assign property "plugins" on bool in /var/www/html/wp-content/plugins/ocean-extra/includes/freemius/start.php:74
Stack trace:
#0 /var/www/html/wp-content/themes/oceanwp/functions.php(1114): require_once()
#1 /var/www/html/wp-content/themes/oceanwp/functions.php(1144): owp_fs()
#2 /var/www/html/wp-settings.php(585): include('/var/www/html/w...')
#3 /var/www/html/wp-config.php(115): require_once('/var/www/html/w...')
#4 /var/www/html/wp-load.php(50): require_once('/var/www/html/w...')
#5 /var/www/html/wp-blog-header.php(13): require_once('/var/www/html/w...')
#6 /var/www/html/index.php(17): require('/var/www/html/w...')
#7 {main}
  thrown in /var/www/html/wp-content/plugins/ocean-extra/includes/freemius/start.php on line 74
[22-Jan-2023 22:56:16 UTC] PHP Warning:  Undefined array key "hostname" in /var/www/html/wp-admin/includes/class-wp-filesystem-ftpext.php on line 98
[22-Jan-2023 22:56:16 UTC] PHP Fatal error:  Uncaught Error: Attempt to assign property "plugins" on bool in /var/www/html/wp-content/plugins/ocean-extra/includes/freemius/start.php:74
Stack trace:
#0 /var/www/html/wp-content/themes/oceanwp/functions.php(1114): require_once()
#1 /var/www/html/wp-content/themes/oceanwp/functions.php(1144): owp_fs()
#2 /var/www/html/wp-settings.php(585): include('/var/www/html/w...')
#3 /var/www/html/wp-config.php(115): require_once('/var/www/html/w...')
#4 /var/www/html/wp-load.php(50): require_once('/var/www/html/w...')
#5 /var/www/html/wp-blog-header.php(13): require_once('/var/www/html/w...')
#6 /var/www/html/index.php(17): require('/var/www/html/w...')
#7 {main}
  thrown in /var/www/html/wp-content/plugins/ocean-extra/includes/freemius/start.php on line 74
[22-Jan-2023 22:56:16 UTC] PHP Warning:  Undefined array key "hostname" in /var/www/html/wp-admin/includes/class-wp-filesystem-ftpext.php on line 98
[22-Jan-2023 22:56:16 UTC] PHP Fatal error:  Uncaught Error: Attempt to assign property "plugins" on bool in /var/www/html/wp-content/plugins/ocean-extra/includes/freemius/start.php:74
Stack trace:
#0 /var/www/html/wp-content/themes/oceanwp/functions.php(1114): require_once()
#1 /var/www/html/wp-content/themes/oceanwp/functions.php(1144): owp_fs()
#2 /var/www/html/wp-settings.php(585): include('/var/www/html/w...')
#3 /var/www/html/wp-config.php(115): require_once('/var/www/html/w...')
#4 /var/www/html/wp-load.php(50): require_once('/var/www/html/w...')
#5 /var/www/html/wp-blog-header.php(13): require_once('/var/www/html/w...')
#6 /var/www/html/index.php(17): require('/var/www/html/w...')
#7 {main}
  thrown in /var/www/html/wp-content/plugins/ocean-extra/includes/freemius/start.php on line 74
[22-Jan-2023 23:00:32 UTC] PHP Notice:  Undefined index: hostname in /var/www/html/wp-admin/includes/class-wp-filesystem-ftpext.php on line 98
[22-Jan-2023 23:00:32 UTC] PHP Warning:  Creating default object from empty value in /var/www/html/wp-content/plugins/ocean-extra/includes/freemius/start.php on line 74
[22-Jan-2023 23:01:57 UTC] PHP Notice:  Undefined index: hostname in /var/www/html/wp-admin/includes/class-wp-filesystem-ftpext.php on line 98
[22-Jan-2023 23:05:03 UTC] PHP Notice:  Undefined index: hostname in /var/www/html/wp-admin/includes/class-wp-filesystem-ftpext.php on line 98
[22-Jan-2023 23:05:06 UTC] PHP Notice:  Undefined index: hostname in /var/www/html/wp-admin/includes/class-wp-filesystem-ftpext.php on line 98
[22-Jan-2023 23:05:08 UTC] PHP Notice:  Undefined index: hostname in /var/www/html/wp-admin/includes/class-wp-filesystem-ftpext.php on line 98
[22-Jan-2023 23:05:08 UTC] PHP Notice:  Undefined index: hostname in /var/www/html/wp-admin/includes/class-wp-filesystem-ftpext.php on line 98
